Build started 11/29/2019 2:19:37 PM.
     1>Project "C:\Users\hoang\OneDrive\Desktop\Ass2_trinh\Ass2_trinh\Ass2_trinh.vcxproj" on node 2 (Build target(s)).
     1>ClCompile:
         C:\Program Files (x86)\Microsoft Visual Studio 11.0\VC\bin\CL.exe /c /ZI /nologo /W3 /WX- /Od /Oy- /D WIN32 /D _DEBUG /D _CONSOLE /D _UNICODE /D UNICODE /Gm /EHsc /RTC1 /MDd /GS /fp:precise /Zc:wchar_t /Zc:forScope /Fo"Debug\\" /Fd"Debug\vc110.pdb" /Gd /TP /analyze- /errorReport:prompt Source.cpp
         Source.cpp
     1>c:\users\hoang\onedrive\desktop\ass2_trinh\ass2_trinh\header.h(43): warning C4996: 'scanf': This function or variable may be unsafe. Consider using scanf_s instead. To disable deprecation, use _CRT_SECURE_NO_WARNINGS. See online help for details.
                 c:\program files (x86)\microsoft visual studio 11.0\vc\include\stdio.h(290) : see declaration of 'scanf'
     1>c:\users\hoang\onedrive\desktop\ass2_trinh\ass2_trinh\header.h(47): warning C4996: 'scanf': This function or variable may be unsafe. Consider using scanf_s instead. To disable deprecation, use _CRT_SECURE_NO_WARNINGS. See online help for details.
                 c:\program files (x86)\microsoft visual studio 11.0\vc\include\stdio.h(290) : see declaration of 'scanf'
     1>c:\users\hoang\onedrive\desktop\ass2_trinh\ass2_trinh\source.cpp(12): warning C4996: 'scanf': This function or variable may be unsafe. Consider using scanf_s instead. To disable deprecation, use _CRT_SECURE_NO_WARNINGS. See online help for details.
                 c:\program files (x86)\microsoft visual studio 11.0\vc\include\stdio.h(290) : see declaration of 'scanf'
     1>c:\users\hoang\onedrive\desktop\ass2_trinh\ass2_trinh\source.cpp(30): warning C4996: 'scanf': This function or variable may be unsafe. Consider using scanf_s instead. To disable deprecation, use _CRT_SECURE_NO_WARNINGS. See online help for details.
                 c:\program files (x86)\microsoft visual studio 11.0\vc\include\stdio.h(290) : see declaration of 'scanf'
     1>c:\users\hoang\onedrive\desktop\ass2_trinh\ass2_trinh\source.cpp(44): warning C4996: 'scanf': This function or variable may be unsafe. Consider using scanf_s instead. To disable deprecation, use _CRT_SECURE_NO_WARNINGS. See online help for details.
                 c:\program files (x86)\microsoft visual studio 11.0\vc\include\stdio.h(290) : see declaration of 'scanf'
     1>c:\users\hoang\onedrive\desktop\ass2_trinh\ass2_trinh\source.cpp(6): warning C4101: 'item' : unreferenced local variable
     1>c:\users\hoang\onedrive\desktop\ass2_trinh\ass2_trinh\header.h(100): warning C4715: 'search_element' : not all control paths return a value
       Link:
         C:\Program Files (x86)\Microsoft Visual Studio 11.0\VC\bin\link.exe /ERRORREPORT:PROMPT /OUT:"C:\Users\hoang\OneDrive\Desktop\Ass2_trinh\Debug\Ass2_trinh.exe" /INCREMENTAL /NOLOGO kernel32.lib user32.lib gdi32.lib winspool.lib comdlg32.lib advapi32.lib shell32.lib ole32.lib oleaut32.lib uuid.lib odbc32.lib odbccp32.lib /MANIFEST /MANIFESTUAC:"level='asInvoker' uiAccess='false'" /manifest:embed /DEBUG /PDB:"C:\Users\hoang\OneDrive\Desktop\Ass2_trinh\Debug\Ass2_trinh.pdb" /SUBSYSTEM:CONSOLE /TLBID:1 /DYNAMICBASE /NXCOMPAT /IMPLIB:"C:\Users\hoang\OneDrive\Desktop\Ass2_trinh\Debug\Ass2_trinh.lib" /MACHINE:X86 Debug\Source.obj
         Ass2_trinh.vcxproj -> C:\Users\hoang\OneDrive\Desktop\Ass2_trinh\Debug\Ass2_trinh.exe
     1>Done Building Project "C:\Users\hoang\OneDrive\Desktop\Ass2_trinh\Ass2_trinh\Ass2_trinh.vcxproj" (Build target(s)).

Build succeeded.

Time Elapsed 00:00:01.82
