Build started 11/29/2019 2:17:43 PM.
     1>Project "C:\Users\hoang\OneDrive\Desktop\Ass1_trinh\Ass1_trinh\Ass1_trinh.vcxproj" on node 2 (Build target(s)).
     1>ClCompile:
         C:\Program Files (x86)\Microsoft Visual Studio 11.0\VC\bin\CL.exe /c /ZI /nologo /W3 /WX- /Od /Oy- /D WIN32 /D _DEBUG /D _CONSOLE /D _UNICODE /D UNICODE /Gm /EHsc /RTC1 /MDd /GS /fp:precise /Zc:wchar_t /Zc:forScope /Fo"Debug\\" /Fd"Debug\vc110.pdb" /Gd /TP /analyze- /errorReport:prompt Source.cpp
         Source.cpp
     1>c:\users\hoang\onedrive\desktop\ass1_trinh\ass1_trinh\dblinkedlist.h(30): warning C4996: 'scanf': This function or variable may be unsafe. Consider using scanf_s instead. To disable deprecation, use _CRT_SECURE_NO_WARNINGS. See online help for details.
                 c:\program files (x86)\microsoft visual studio 11.0\vc\include\stdio.h(290) : see declaration of 'scanf'
     1>c:\users\hoang\onedrive\desktop\ass1_trinh\ass1_trinh\dblinkedlist.h(59): warning C4996: 'scanf': This function or variable may be unsafe. Consider using scanf_s instead. To disable deprecation, use _CRT_SECURE_NO_WARNINGS. See online help for details.
                 c:\program files (x86)\microsoft visual studio 11.0\vc\include\stdio.h(290) : see declaration of 'scanf'
     1>c:\users\hoang\onedrive\desktop\ass1_trinh\ass1_trinh\dblinkedlist.h(137): warning C4996: 'scanf': This function or variable may be unsafe. Consider using scanf_s instead. To disable deprecation, use _CRT_SECURE_NO_WARNINGS. See online help for details.
                 c:\program files (x86)\microsoft visual studio 11.0\vc\include\stdio.h(290) : see declaration of 'scanf'
     1>c:\users\hoang\onedrive\desktop\ass1_trinh\ass1_trinh\dblinkedlist.h(158): warning C4996: 'scanf': This function or variable may be unsafe. Consider using scanf_s instead. To disable deprecation, use _CRT_SECURE_NO_WARNINGS. See online help for details.
                 c:\program files (x86)\microsoft visual studio 11.0\vc\include\stdio.h(290) : see declaration of 'scanf'
     1>c:\users\hoang\onedrive\desktop\ass1_trinh\ass1_trinh\dblinkedlist.h(160): warning C4996: 'scanf': This function or variable may be unsafe. Consider using scanf_s instead. To disable deprecation, use _CRT_SECURE_NO_WARNINGS. See online help for details.
                 c:\program files (x86)\microsoft visual studio 11.0\vc\include\stdio.h(290) : see declaration of 'scanf'
     1>c:\users\hoang\onedrive\desktop\ass1_trinh\ass1_trinh\dblinkedlist.h(186): warning C4101: 'i' : unreferenced local variable
     1>c:\users\hoang\onedrive\desktop\ass1_trinh\ass1_trinh\dblinkedlist.h(186): warning C4101: 'j' : unreferenced local variable
     1>c:\users\hoang\onedrive\desktop\ass1_trinh\ass1_trinh\source.cpp(23): warning C4996: 'scanf': This function or variable may be unsafe. Consider using scanf_s instead. To disable deprecation, use _CRT_SECURE_NO_WARNINGS. See online help for details.
                 c:\program files (x86)\microsoft visual studio 11.0\vc\include\stdio.h(290) : see declaration of 'scanf'
       Link:
         C:\Program Files (x86)\Microsoft Visual Studio 11.0\VC\bin\link.exe /ERRORREPORT:PROMPT /OUT:"C:\Users\hoang\OneDrive\Desktop\Ass1_trinh\Debug\Ass1_trinh.exe" /INCREMENTAL /NOLOGO kernel32.lib user32.lib gdi32.lib winspool.lib comdlg32.lib advapi32.lib shell32.lib ole32.lib oleaut32.lib uuid.lib odbc32.lib odbccp32.lib /MANIFEST /MANIFESTUAC:"level='asInvoker' uiAccess='false'" /manifest:embed /DEBUG /PDB:"C:\Users\hoang\OneDrive\Desktop\Ass1_trinh\Debug\Ass1_trinh.pdb" /SUBSYSTEM:CONSOLE /TLBID:1 /DYNAMICBASE /NXCOMPAT /IMPLIB:"C:\Users\hoang\OneDrive\Desktop\Ass1_trinh\Debug\Ass1_trinh.lib" /MACHINE:X86 Debug\Source.obj
         Ass1_trinh.vcxproj -> C:\Users\hoang\OneDrive\Desktop\Ass1_trinh\Debug\Ass1_trinh.exe
     1>Done Building Project "C:\Users\hoang\OneDrive\Desktop\Ass1_trinh\Ass1_trinh\Ass1_trinh.vcxproj" (Build target(s)).

Build succeeded.

Time Elapsed 00:00:03.78
